<?xml version="1.0" encoding="UTF-8"?>
<!-- Generated by org.testng.reporters.JUnitReportReporter -->
<testsuite hostname="CS-129-LT-WS" failures="0" tests="4" name="com.testCase.Test_01_Login" time="13.760" errors="0" timestamp="2025-07-31T14:37:23 IST" skipped="0">
  <testcase classname="com.testCase.Test_01_Login" name="userLogin" time="3.499"/>
  <testcase classname="com.testCase.Test_01_Login" name="userLogin" time="3.428"/>
  <testcase classname="com.testCase.Test_01_Login" name="userLogin" time="3.369"/>
  <testcase classname="com.testCase.Test_01_Login" name="userLogin" time="3.464"/>
</testsuite> <!-- com.testCase.Test_01_Login -->
