<?xml version="1.0" encoding="UTF-8"?>
<!-- Generated by org.testng.reporters.JUnitReportReporter -->
<testsuite hostname="CS-129-LT-WS" failures="0" tests="3" name="com.testCase.PetStore01_LandingTest" time="6.407" errors="0" timestamp="2025-08-07T22:37:19 IST" skipped="0">
  <testcase classname="com.testCase.PetStore01_LandingTest" name="verifyLandingPageNavigation" time="0.024"/>
  <testcase classname="com.testCase.PetStore01_LandingTest" name="verifyHeaderLogoIsVisible" time="3.056"/>
  <testcase classname="com.testCase.PetStore01_LandingTest" name="verifyCartIsClickable" time="3.327"/>
</testsuite> <!-- com.testCase.PetStore01_LandingTest -->
