<?xml version="1.0" encoding="UTF-8"?>
<!-- Generated by org.testng.reporters.JUnitReportReporter -->
<testsuite hostname="CS-129-LT-WS" failures="0" tests="4" name="com.testCase.Test_01_Login" time="13.641" errors="0" timestamp="2025-08-02T01:09:29 IST" skipped="0">
  <testcase classname="com.testCase.Test_01_Login" name="userLogin" time="3.377"/>
  <testcase classname="com.testCase.Test_01_Login" name="userLogin" time="3.377"/>
  <testcase classname="com.testCase.Test_01_Login" name="userLogin" time="3.407"/>
  <testcase classname="com.testCase.Test_01_Login" name="userLogin" time="3.480"/>
</testsuite> <!-- com.testCase.Test_01_Login -->
