<?xml version="1.0" encoding="UTF-8"?>
<!-- Generated by org.testng.reporters.JUnitReportReporter -->
<testsuite hostname="CS-129-LT-WS" failures="0" tests="4" name="com.testCase.Test_01_Login" time="13.817" errors="0" timestamp="2025-08-02T02:19:47 IST" skipped="0">
  <testcase classname="com.testCase.Test_01_Login" name="userLogin" time="3.529"/>
  <testcase classname="com.testCase.Test_01_Login" name="userLogin" time="3.440"/>
  <testcase classname="com.testCase.Test_01_Login" name="userLogin" time="3.486"/>
  <testcase classname="com.testCase.Test_01_Login" name="userLogin" time="3.362"/>
</testsuite> <!-- com.testCase.Test_01_Login -->
